<?xml version="1.0" encoding="UTF-8"?>
<!-- Generated by org.testng.reporters.JUnitXMLReporter -->
<testsuite hostname="DESKTOP-TA6EE9O" ignored="2" name="Surefire test" tests="1" failures="1" timestamp="14 Jan 2021 05:53:43 GMT" time="8.052" errors="0">
  <testcase name="launchGoogle" time="0.001" classname="com.google.SearchTest">
    <failure type="java.lang.NullPointerException">
      <![CDATA[java.lang.NullPointerException
at com.google.SearchTest.launchGoogle(SearchTest.java:12)
... Removed 30 stack frames]]>
    </failure>
  </testcase> <!-- launchGoogle -->
  <testcase name="@BeforeTest launchBrowser" time="0.0" classname="com.google.BaseTest">
    <ignored/>
  </testcase> <!-- @BeforeTest launchBrowser -->
  <testcase name="@AfterTest closeBrowser" time="0.0" classname="com.google.BaseTest">
    <ignored/>
  </testcase> <!-- @AfterTest closeBrowser -->
</testsuite> <!-- Surefire test -->
