<?xml version="1.0" encoding="UTF-8"?>
<testng-results skipped="0" failed="0" ignored="0" total="1" passed="1">
  <reporter-output>
  </reporter-output>
  <suite name="Google Suite" duration-ms="28763" started-at="2021-01-17T08:39:02Z" finished-at="2021-01-17T08:39:31Z">
    <groups>
    </groups>
    <test name="Google Test" duration-ms="28763" started-at="2021-01-17T08:39:02Z" finished-at="2021-01-17T08:39:31Z">
      <class name="com.google.SearchTest">
        <test-method status="PASS" signature="launchBrowser()[pri:0, instance:com.google.SearchTest@4909b8da]" name="launchBrowser" is-config="true" duration-ms="14013" started-at="2021-01-17T08:39:02Z" finished-at="2021-01-17T08:39:16Z">
          <reporter-output>
          </reporter-output>
        </test-method> <!-- launchBrowser -->
        <test-method status="PASS" signature="launchGoogle()[pri:0, instance:com.google.SearchTest@4909b8da]" name="launchGoogle" duration-ms="12704" started-at="2021-01-17T08:39:16Z" finished-at="2021-01-17T08:39:29Z">
          <reporter-output>
          </reporter-output>
        </test-method> <!-- launchGoogle -->
        <test-method status="PASS" signature="closeBrowser()[pri:0, instance:com.google.SearchTest@4909b8da]" name="closeBrowser" is-config="true" duration-ms="1970" started-at="2021-01-17T08:39:29Z" finished-at="2021-01-17T08:39:31Z">
          <reporter-output>
          </reporter-output>
        </test-method> <!-- closeBrowser -->
      </class> <!-- com.google.SearchTest -->
    </test> <!-- Google Test -->
  </suite> <!-- Google Suite -->
</testng-results>
